{"/home/letenk/workspace/expressjs/auth-express/app.js": {"path":"/home/letenk/workspace/expressjs/auth-express/app.js","statementMap":{"0":{"start":{"line":1,"column":18},"end":{"line":1,"column":40}},"1":{"start":{"line":2,"column":14},"end":{"line":2,"column":32}},"2":{"start":{"line":3,"column":11},"end":{"line":3,"column":26}},"3":{"start":{"line":4,"column":19},"end":{"line":4,"column":43}},"4":{"start":{"line":5,"column":13},"end":{"line":5,"column":30}},"5":{"start":{"line":9,"column":18},"end":{"line":9,"column":43}},"6":{"start":{"line":11,"column":19},"end":{"line":11,"column":47}},"7":{"start":{"line":13,"column":10},"end":{"line":13,"column":19}},"8":{"start":{"line":16,"column":0},"end":{"line":16,"column":48}},"9":{"start":{"line":17,"column":0},"end":{"line":17,"column":30}},"10":{"start":{"line":19,"column":0},"end":{"line":19,"column":23}},"11":{"start":{"line":20,"column":0},"end":{"line":20,"column":24}},"12":{"start":{"line":21,"column":0},"end":{"line":21,"column":49}},"13":{"start":{"line":22,"column":0},"end":{"line":22,"column":24}},"14":{"start":{"line":23,"column":0},"end":{"line":23,"column":56}},"15":{"start":{"line":27,"column":0},"end":{"line":27,"column":26}},"16":{"start":{"line":29,"column":0},"end":{"line":29,"column":29}},"17":{"start":{"line":32,"column":0},"end":{"line":34,"column":3}},"18":{"start":{"line":33,"column":2},"end":{"line":33,"column":25}},"19":{"start":{"line":37,"column":0},"end":{"line":45,"column":3}},"20":{"start":{"line":39,"column":2},"end":{"line":39,"column":35}},"21":{"start":{"line":40,"column":2},"end":{"line":40,"column":69}},"22":{"start":{"line":43,"column":2},"end":{"line":43,"column":32}},"23":{"start":{"line":44,"column":2},"end":{"line":44,"column":22}},"24":{"start":{"line":47,"column":0},"end":{"line":47,"column":21}}},"fnMap":{"0":{"name":"(anonymous_0)","decl":{"start":{"line":32,"column":8},"end":{"line":32,"column":9}},"loc":{"start":{"line":32,"column":34},"end":{"line":34,"column":1}},"line":32},"1":{"name":"(anonymous_1)","decl":{"start":{"line":37,"column":8},"end":{"line":37,"column":9}},"loc":{"start":{"line":37,"column":39},"end":{"line":45,"column":1}},"line":37}},"branchMap":{"0":{"loc":{"start":{"line":40,"column":21},"end":{"line":40,"column":68}},"type":"cond-expr","locations":[{"start":{"line":40,"column":60},"end":{"line":40,"column":63}},{"start":{"line":40,"column":66},"end":{"line":40,"column":68}}],"line":40},"1":{"loc":{"start":{"line":43,"column":13},"end":{"line":43,"column":30}},"type":"binary-expr","locations":[{"start":{"line":43,"column":13},"end":{"line":43,"column":23}},{"start":{"line":43,"column":27},"end":{"line":43,"column":30}}],"line":43}},"s":{"0":1,"1":1,"2":1,"3":1,"4":1,"5":1,"6":1,"7":1,"8":1,"9":1,"10":1,"11":1,"12":1,"13":1,"14":1,"15":1,"16":1,"17":1,"18":0,"19":1,"20":0,"21":0,"22":0,"23":0,"24":1},"f":{"0":0,"1":0},"b":{"0":[0,0],"1":[0,0]},"_coverageSchema":"1a1c01bbd47fc00a2c39e90264f33305004495a9","hash":"ff5d3ec3060f11e57db18be3f207c1d412748d85"}
,"/home/letenk/workspace/expressjs/auth-express/app/auth/controller.js": {"path":"/home/letenk/workspace/expressjs/auth-express/app/auth/controller.js","statementMap":{"0":{"start":{"line":2,"column":13},"end":{"line":2,"column":37}},"1":{"start":{"line":6,"column":2},"end":{"line":39,"column":3}},"2":{"start":{"line":8,"column":20},"end":{"line":8,"column":28}},"3":{"start":{"line":11,"column":15},"end":{"line":11,"column":32}},"4":{"start":{"line":14,"column":4},"end":{"line":14,"column":22}},"5":{"start":{"line":17,"column":4},"end":{"line":25,"column":6}},"6":{"start":{"line":28,"column":4},"end":{"line":35,"column":5}},"7":{"start":{"line":30,"column":6},"end":{"line":34,"column":9}},"8":{"start":{"line":38,"column":4},"end":{"line":38,"column":14}},"9":{"start":{"line":43,"column":0},"end":{"line":43,"column":30}}},"fnMap":{"0":{"name":"register","decl":{"start":{"line":5,"column":15},"end":{"line":5,"column":23}},"loc":{"start":{"line":5,"column":40},"end":{"line":40,"column":1}},"line":5}},"branchMap":{"0":{"loc":{"start":{"line":28,"column":4},"end":{"line":35,"column":5}},"type":"if","locations":[{"start":{"line":28,"column":4},"end":{"line":35,"column":5}},{"start":{"line":28,"column":4},"end":{"line":35,"column":5}}],"line":28},"1":{"loc":{"start":{"line":28,"column":8},"end":{"line":28,"column":45}},"type":"binary-expr","locations":[{"start":{"line":28,"column":8},"end":{"line":28,"column":11}},{"start":{"line":28,"column":15},"end":{"line":28,"column":45}}],"line":28}},"s":{"0":1,"1":5,"2":5,"3":5,"4":5,"5":2,"6":3,"7":3,"8":0,"9":1},"f":{"0":5},"b":{"0":[3,0],"1":[3,3]},"_coverageSchema":"1a1c01bbd47fc00a2c39e90264f33305004495a9","hash":"b58ec30b600618b605abea72b26d3f2127581c14"}
,"/home/letenk/workspace/expressjs/auth-express/app/auth/router.js": {"path":"/home/letenk/workspace/expressjs/auth-express/app/auth/router.js","statementMap":{"0":{"start":{"line":2,"column":15},"end":{"line":2,"column":42}},"1":{"start":{"line":3,"column":15},"end":{"line":3,"column":32}},"2":{"start":{"line":6,"column":23},"end":{"line":6,"column":46}},"3":{"start":{"line":9,"column":0},"end":{"line":9,"column":67}},"4":{"start":{"line":12,"column":0},"end":{"line":12,"column":24}}},"fnMap":{},"branchMap":{},"s":{"0":1,"1":1,"2":1,"3":1,"4":1},"f":{},"b":{},"_coverageSchema":"1a1c01bbd47fc00a2c39e90264f33305004495a9","hash":"51ad5f2c195d5434947283c1d53983fef94296ea"}
,"/home/letenk/workspace/expressjs/auth-express/app/user/model.js": {"path":"/home/letenk/workspace/expressjs/auth-express/app/user/model.js","statementMap":{"0":{"start":{"line":2,"column":17},"end":{"line":2,"column":36}},"1":{"start":{"line":4,"column":15},"end":{"line":4,"column":32}},"2":{"start":{"line":6,"column":22},"end":{"line":6,"column":60}},"3":{"start":{"line":8,"column":26},"end":{"line":8,"column":34}},"4":{"start":{"line":11,"column":18},"end":{"line":11,"column":20}},"5":{"start":{"line":14,"column":17},"end":{"line":44,"column":1}},"6":{"start":{"line":47,"column":0},"end":{"line":65,"column":4}},"7":{"start":{"line":53,"column":6},"end":{"line":61,"column":7}},"8":{"start":{"line":55,"column":22},"end":{"line":55,"column":73}},"9":{"start":{"line":58,"column":8},"end":{"line":58,"column":22}},"10":{"start":{"line":60,"column":8},"end":{"line":60,"column":18}},"11":{"start":{"line":64,"column":14},"end":{"line":64,"column":40}},"12":{"start":{"line":68,"column":0},"end":{"line":68,"column":59}},"13":{"start":{"line":71,"column":0},"end":{"line":76,"column":3}},"14":{"start":{"line":73,"column":2},"end":{"line":73,"column":60}},"15":{"start":{"line":75,"column":2},"end":{"line":75,"column":9}},"16":{"start":{"line":79,"column":0},"end":{"line":79,"column":43}}},"fnMap":{"0":{"name":"(anonymous_0)","decl":{"start":{"line":52,"column":4},"end":{"line":52,"column":5}},"loc":{"start":{"line":52,"column":27},"end":{"line":62,"column":5}},"line":52},"1":{"name":"(anonymous_1)","decl":{"start":{"line":64,"column":4},"end":{"line":64,"column":5}},"loc":{"start":{"line":64,"column":14},"end":{"line":64,"column":40}},"line":64},"2":{"name":"(anonymous_2)","decl":{"start":{"line":71,"column":23},"end":{"line":71,"column":24}},"loc":{"start":{"line":71,"column":39},"end":{"line":76,"column":1}},"line":71}},"branchMap":{},"s":{"0":1,"1":1,"2":1,"3":1,"4":1,"5":1,"6":1,"7":3,"8":3,"9":3,"10":0,"11":1,"12":1,"13":1,"14":2,"15":2,"16":1},"f":{"0":3,"1":1,"2":2},"b":{},"_coverageSchema":"1a1c01bbd47fc00a2c39e90264f33305004495a9","hash":"2b6053ef468057ccf56e2447dd6372608ec45cc3"}
,"/home/letenk/workspace/expressjs/auth-express/routes/index.js": {"path":"/home/letenk/workspace/expressjs/auth-express/routes/index.js","statementMap":{"0":{"start":{"line":1,"column":14},"end":{"line":1,"column":32}},"1":{"start":{"line":2,"column":13},"end":{"line":2,"column":29}},"2":{"start":{"line":5,"column":0},"end":{"line":7,"column":3}},"3":{"start":{"line":6,"column":2},"end":{"line":6,"column":44}},"4":{"start":{"line":9,"column":0},"end":{"line":9,"column":24}}},"fnMap":{"0":{"name":"(anonymous_0)","decl":{"start":{"line":5,"column":16},"end":{"line":5,"column":17}},"loc":{"start":{"line":5,"column":41},"end":{"line":7,"column":1}},"line":5}},"branchMap":{},"s":{"0":1,"1":1,"2":1,"3":0,"4":1},"f":{"0":0},"b":{},"_coverageSchema":"1a1c01bbd47fc00a2c39e90264f33305004495a9","hash":"0957bb8fd38b6b2532ce4dd77a7503964fac0635"}
}
