TN:
SF:app.js
FN:32,(anonymous_0)
FN:37,(anonymous_1)
FNF:2
FNH:0
FNDA:0,(anonymous_0)
FNDA:0,(anonymous_1)
DA:1,1
DA:2,1
DA:3,1
DA:4,1
DA:5,1
DA:9,1
DA:11,1
DA:13,1
DA:16,1
DA:17,1
DA:19,1
DA:20,1
DA:21,1
DA:22,1
DA:23,1
DA:27,1
DA:29,1
DA:32,1
DA:33,0
DA:37,1
DA:39,0
DA:40,0
DA:43,0
DA:44,0
DA:47,1
LF:25
LH:20
BRDA:40,0,0,0
BRDA:40,0,1,0
BRDA:43,1,0,0
BRDA:43,1,1,0
BRF:4
BRH:0
end_of_record
TN:
SF:app/auth/controller.js
FN:5,register
FNF:1
FNH:1
FNDA:5,register
DA:2,1
DA:6,5
DA:8,5
DA:11,5
DA:14,5
DA:17,2
DA:28,3
DA:30,3
DA:38,0
DA:43,1
LF:10
LH:9
BRDA:28,0,0,3
BRDA:28,0,1,0
BRDA:28,1,0,3
BRDA:28,1,1,3
BRF:4
BRH:3
end_of_record
TN:
SF:app/auth/router.js
FNF:0
FNH:0
DA:2,1
DA:3,1
DA:6,1
DA:9,1
DA:12,1
LF:5
LH:5
BRF:0
BRH:0
end_of_record
TN:
SF:app/user/model.js
FN:52,(anonymous_0)
FN:64,(anonymous_1)
FN:71,(anonymous_2)
FNF:3
FNH:3
FNDA:3,(anonymous_0)
FNDA:1,(anonymous_1)
FNDA:2,(anonymous_2)
DA:2,1
DA:4,1
DA:6,1
DA:8,1
DA:11,1
DA:14,1
DA:47,1
DA:53,3
DA:55,3
DA:58,3
DA:60,0
DA:64,1
DA:68,1
DA:71,1
DA:73,2
DA:75,2
DA:79,1
LF:17
LH:16
BRF:0
BRH:0
end_of_record
TN:
SF:routes/index.js
FN:5,(anonymous_0)
FNF:1
FNH:0
FNDA:0,(anonymous_0)
DA:1,1
DA:2,1
DA:5,1
DA:6,0
DA:9,1
LF:5
LH:4
BRF:0
BRH:0
end_of_record
